-------------------------------------------------------------------------------
Test set: com.cucumber.testrunner.TestRunner
-------------------------------------------------------------------------------
Tests run: 15, Failures: 0, Errors: 1, Skipped: 0, Time elapsed: 10.686 s <<< FAILURE! - in com.cucumber.testrunner.TestRunner
com.cucumber.testrunner.TestRunner  Time elapsed: 0.038 s  <<< ERROR!
java.lang.NullPointerException
	at com.cucumber.testrunner.TestRunner.driverQuit(TestRunner.java:35)

